Qflow route logfile created on pią, 5 cze 2020, 18:38:04 CEST
qrouter -noc  -s adder.cfg
Qrouter detail maze router version 1.4.71.T
Reading LEF data from file /usr/share/qflow/tech/osu050/osu050_stdcells.lef.
LEF Read, Line 115: NOTE:  Old format VIARULE ignored.
LEF Read, Line 116: NOTE:  Old format VIARULE ignored.
LEF Read, Line 120: NOTE:  Old format VIARULE ignored.
LEF Read, Line 121: NOTE:  Old format VIARULE ignored.
LEF Read, Line 131: NOTE:  Old format VIARULE ignored.
LEF Read, Line 132: NOTE:  Old format VIARULE ignored.
LEF Read, Line 136: NOTE:  Old format VIARULE ignored.
LEF Read, Line 137: NOTE:  Old format VIARULE ignored.
LEF file:  Defines site corner (ignored)
LEF file:  Defines site IO (ignored)
LEF file:  Defines site core (ignored)
LEF read: Processed 3221 lines.
LEF Read: encountered 0 errors and 8 warnings total.
Reading DEF data from file adder.def.
Diagnostic: Design name: "adder"
  Processed 2 vias total.
  Processed 85 subcell instances total.
  Processed 19 pins total.
  Processed 76 nets total (0 fixed).
  Processed 2 special nets total (4 fixed).
DEF read: Processed 465 lines.
Output scale = microns / 100, precision 1
No antenna cell defined!
There are 78 nets in this design.
*** Running stage1 routing with defaults
Finished routing net dot0.Ghl
Nets remaining: 77
Finished routing net dot3.Ghl
Nets remaining: 76
Finished routing net dot0.Gl
Nets remaining: 75
Finished routing net dot1.Gl
Nets remaining: 74
Finished routing net dot1.Ph
Nets remaining: 73
Finished routing net dot1.Pl
Nets remaining: 72
Finished routing net dot2.Gl
Nets remaining: 71
Finished routing net dot2.Ph
Nets remaining: 70
Finished routing net dot2.Pl
Nets remaining: 69
Finished routing net y0
Nets remaining: 68
Finished routing net x0
Nets remaining: 67
Finished routing net y1
Nets remaining: 66
Finished routing net _23_
Nets remaining: 65
Finished routing net x1
Nets remaining: 64
Finished routing net _24_
Nets remaining: 63
Finished routing net y2
Nets remaining: 62
Finished routing net _25_
Nets remaining: 61
Finished routing net x2
Nets remaining: 60
Finished routing net _26_
Nets remaining: 59
Finished routing net y3
Nets remaining: 58
Finished routing net _27_
Nets remaining: 57
Finished routing net x3
Nets remaining: 56
Finished routing net _28_
Nets remaining: 55
Finished routing net y4
Nets remaining: 54
Finished routing net _29_
Nets remaining: 53
Finished routing net x4
Nets remaining: 52
Finished routing net _30_
Nets remaining: 51
Finished routing net y5
Nets remaining: 50
Finished routing net _31_
Nets remaining: 49
Finished routing net x5
Nets remaining: 48
Finished routing net _32_
Nets remaining: 47
Finished routing net h[0]
Nets remaining: 46
Finished routing net _1_
Nets remaining: 45
Finished routing net h[1]
Nets remaining: 44
Finished routing net _2_
Nets remaining: 43
Finished routing net h[2]
Nets remaining: 42
Finished routing net dot5.Ghl
Nets remaining: 41
Finished routing net _3_
Nets remaining: 40
Finished routing net h[3]
Nets remaining: 39
Finished routing net _4_
Nets remaining: 38
Finished routing net h[4]
Nets remaining: 37
Finished routing net dot6.Ghl
Nets remaining: 36
Finished routing net _5_
Nets remaining: 35
Finished routing net _0_
Nets remaining: 34
Finished routing net s0
Nets remaining: 33
Finished routing net s1
Nets remaining: 32
Finished routing net s2
Nets remaining: 31
Finished routing net s3
Nets remaining: 30
Finished routing net s4
Nets remaining: 29
Finished routing net s5
Nets remaining: 28
Finished routing net _6_
Nets remaining: 27
Finished routing net ov
Nets remaining: 26
Finished routing net dot0.Gh
Nets remaining: 25
Finished routing net _7_
Nets remaining: 24
Finished routing net dot0.Ph
Nets remaining: 23
Finished routing net _8_
Nets remaining: 22
Finished routing net dot1.Gh
Nets remaining: 21
Finished routing net _9_
Nets remaining: 20
Finished routing net _10_
Nets remaining: 19
Finished routing net dot1.Ghl
Nets remaining: 18
Finished routing net dot1.Phl
Nets remaining: 17
Finished routing net dot2.Gh
Nets remaining: 16
Finished routing net _11_
Nets remaining: 15
Finished routing net _12_
Nets remaining: 14
Finished routing net dot2.Ghl
Nets remaining: 13
Finished routing net dot2.Phl
Nets remaining: 12
Finished routing net _13_
Nets remaining: 11
Finished routing net _14_
Nets remaining: 10
Finished routing net _15_
Nets remaining: 9
Finished routing net _16_
Nets remaining: 8
Finished routing net _17_
Nets remaining: 7
Finished routing net _18_
Nets remaining: 6
Finished routing net _19_
Nets remaining: 5
Finished routing net _20_
Nets remaining: 4
Finished routing net _21_
Nets remaining: 3
Finished routing net _22_
Nets remaining: 2

----------------------------------------------
Progress: Stage 1 total routes completed: 109
No failed routes!
----------------------------------------------
*** Running stage3 routing with defaults, 1st round
Finished routing net dot0.Ghl
Nets remaining: 77
Finished routing net dot3.Ghl
Nets remaining: 76
Finished routing net dot0.Gl
Nets remaining: 75
Finished routing net dot1.Gl
Nets remaining: 74
Finished routing net dot1.Ph
Nets remaining: 73
Finished routing net dot1.Pl
Nets remaining: 72
Finished routing net dot2.Gl
Nets remaining: 71
Finished routing net dot2.Ph
Nets remaining: 70
Finished routing net dot2.Pl
Nets remaining: 69
Finished routing net y0
Nets remaining: 68
Finished routing net x0
Nets remaining: 67
Finished routing net y1
Nets remaining: 66
Finished routing net _23_
Nets remaining: 65
Finished routing net x1
Nets remaining: 64
Finished routing net _24_
Nets remaining: 63
Finished routing net y2
Nets remaining: 62
Finished routing net _25_
Nets remaining: 61
Finished routing net x2
Nets remaining: 60
Finished routing net _26_
Nets remaining: 59
Keeping route for net y3
Finished routing net _27_
Nets remaining: 57
Finished routing net x3
Nets remaining: 56
Finished routing net _28_
Nets remaining: 55
Finished routing net y4
Nets remaining: 54
Finished routing net _29_
Nets remaining: 53
Finished routing net x4
Nets remaining: 52
Finished routing net _30_
Nets remaining: 51
Keeping route for net y5
Finished routing net _31_
Nets remaining: 49
Finished routing net x5
Nets remaining: 48
Finished routing net _32_
Nets remaining: 47
Finished routing net h[0]
Nets remaining: 46
Keeping route for net _1_
Finished routing net h[1]
Nets remaining: 44
Finished routing net _2_
Nets remaining: 43
Finished routing net h[2]
Nets remaining: 42
Finished routing net dot5.Ghl
Nets remaining: 41
Finished routing net _3_
Nets remaining: 40
Finished routing net h[3]
Nets remaining: 39
Keeping route for net _4_
Finished routing net h[4]
Nets remaining: 37
Finished routing net dot6.Ghl
Nets remaining: 36
Finished routing net _5_
Nets remaining: 35
Finished routing net _0_
Nets remaining: 34
Finished routing net s0
Nets remaining: 33
Keeping route for net s1
Finished routing net s2
Nets remaining: 31
Finished routing net s3
Nets remaining: 30
Keeping route for net s4
Finished routing net s5
Nets remaining: 28
Keeping route for net _6_
Keeping route for net ov
Finished routing net dot0.Gh
Nets remaining: 25
Keeping route for net _7_
Finished routing net dot0.Ph
Nets remaining: 23
Finished routing net _8_
Nets remaining: 22
Finished routing net dot1.Gh
Nets remaining: 21
Finished routing net _9_
Nets remaining: 20
Keeping route for net _10_
Finished routing net dot1.Ghl
Nets remaining: 18
Finished routing net dot1.Phl
Nets remaining: 17
Finished routing net dot2.Gh
Nets remaining: 16
Keeping route for net _11_
Keeping route for net _12_
Finished routing net dot2.Ghl
Nets remaining: 13
Keeping route for net dot2.Phl
Finished routing net _13_
Nets remaining: 11
Finished routing net _14_
Nets remaining: 10
Finished routing net _15_
Nets remaining: 9
Keeping route for net _16_
Keeping route for net _17_
Finished routing net _18_
Nets remaining: 6
Keeping route for net _19_
Keeping route for net _20_
Keeping route for net _21_
Keeping route for net _22_

----------------------------------------------
Progress: Stage 3 total routes completed: 197
No failed routes!
----------------------------------------------
*** Running stage3 routing with defaults, 2nd round
Finished routing net dot0.Ghl
Nets remaining: 77
Finished routing net dot3.Ghl
Nets remaining: 76
Finished routing net dot0.Gl
Nets remaining: 75
Finished routing net dot1.Gl
Nets remaining: 74
Finished routing net dot1.Ph
Nets remaining: 73
Finished routing net dot1.Pl
Nets remaining: 72
Finished routing net dot2.Gl
Nets remaining: 71
Finished routing net dot2.Ph
Nets remaining: 70
Finished routing net dot2.Pl
Nets remaining: 69
Finished routing net y0
Nets remaining: 68
Finished routing net x0
Nets remaining: 67
Finished routing net y1
Nets remaining: 66
Finished routing net _23_
Nets remaining: 65
Finished routing net x1
Nets remaining: 64
Finished routing net _24_
Nets remaining: 63
Finished routing net y2
Nets remaining: 62
Finished routing net _25_
Nets remaining: 61
Finished routing net x2
Nets remaining: 60
Finished routing net _26_
Nets remaining: 59
Keeping route for net y3
Finished routing net _27_
Nets remaining: 57
Finished routing net x3
Nets remaining: 56
Finished routing net _28_
Nets remaining: 55
Finished routing net y4
Nets remaining: 54
Finished routing net _29_
Nets remaining: 53
Finished routing net x4
Nets remaining: 52
Finished routing net _30_
Nets remaining: 51
Keeping route for net y5
Finished routing net _31_
Nets remaining: 49
Finished routing net x5
Nets remaining: 48
Finished routing net _32_
Nets remaining: 47
Finished routing net h[0]
Nets remaining: 46
Keeping route for net _1_
Finished routing net h[1]
Nets remaining: 44
Finished routing net _2_
Nets remaining: 43
Finished routing net h[2]
Nets remaining: 42
Finished routing net dot5.Ghl
Nets remaining: 41
Finished routing net _3_
Nets remaining: 40
Finished routing net h[3]
Nets remaining: 39
Keeping route for net _4_
Finished routing net h[4]
Nets remaining: 37
Finished routing net dot6.Ghl
Nets remaining: 36
Finished routing net _5_
Nets remaining: 35
Finished routing net _0_
Nets remaining: 34
Finished routing net s0
Nets remaining: 33
Keeping route for net s1
Finished routing net s2
Nets remaining: 31
Finished routing net s3
Nets remaining: 30
Keeping route for net s4
Finished routing net s5
Nets remaining: 28
Keeping route for net _6_
Keeping route for net ov
Finished routing net dot0.Gh
Nets remaining: 25
Keeping route for net _7_
Finished routing net dot0.Ph
Nets remaining: 23
Finished routing net _8_
Nets remaining: 22
Finished routing net dot1.Gh
Nets remaining: 21
Finished routing net _9_
Nets remaining: 20
Keeping route for net _10_
Finished routing net dot1.Ghl
Nets remaining: 18
Finished routing net dot1.Phl
Nets remaining: 17
Finished routing net dot2.Gh
Nets remaining: 16
Keeping route for net _11_
Keeping route for net _12_
Finished routing net dot2.Ghl
Nets remaining: 13
Keeping route for net dot2.Phl
Finished routing net _13_
Nets remaining: 11
Finished routing net _14_
Nets remaining: 10
Finished routing net _15_
Nets remaining: 9
Keeping route for net _16_
Keeping route for net _17_
Finished routing net _18_
Nets remaining: 6
Keeping route for net _19_
Keeping route for net _20_
Keeping route for net _21_
Keeping route for net _22_

----------------------------------------------
Progress: Stage 3 total routes completed: 285
No failed routes!
----------------------------------------------
*** Writing DEF file adder_route.def
emit_routes():  DEF file has 76 nets and 4 specialnets.
but qrouter wants to write 78 nets and specialnets.
----------------------------------------------
Final: No failed routes!
----------------------------------------------
*** Writing RC file adder_route.rc
Running annotate.tcl antenna.out /home/karolina/OiAK_projekt/synthesis/adder.rtlnopwr.v
  /home/karolina/OiAK_projekt/synthesis/adder.spc /home/karolina/OiAK_projekt/synthesis/adder.rtlnopwr.anno.v
  /home/karolina/OiAK_projekt/synthesis/adder.anno.spc  /usr/share/qflow/tech/osu050/osu050_stdcells.sp /home/karolina/OiAK_projekt/synthesis/adder_powerground
Running annotate.tcl
found cell FILL pinlist vdd gnd
Done with annotate.tcl
Router script ended on pią, 5 cze 2020, 18:38:05 CEST
