
Cell INVX1 disconnected node: A
Cell INVX1 disconnected node: gnd
Cell INVX1 disconnected node: Y
Cell INVX1 disconnected node: vdd

Subcircuit pins:
Circuit 1: INVX1                           |Circuit 2: INVX1                           
-------------------------------------------|-------------------------------------------
A                                          |A                                          
gnd                                        |gnd                                        
Y                                          |Y                                          
vdd                                        |vdd                                        
---------------------------------------------------------------------------------------
Cell pin lists are equivalent.
Device classes INVX1 and INVX1 are equivalent.

Cell NAND2X1 disconnected node: A
Cell NAND2X1 disconnected node: B
Cell NAND2X1 disconnected node: gnd
Cell NAND2X1 disconnected node: Y
Cell NAND2X1 disconnected node: vdd

Subcircuit pins:
Circuit 1: NAND2X1                         |Circuit 2: NAND2X1                         
-------------------------------------------|-------------------------------------------
A                                          |A                                          
B                                          |B                                          
gnd                                        |gnd                                        
Y                                          |Y                                          
vdd                                        |vdd                                        
---------------------------------------------------------------------------------------
Cell pin lists are equivalent.
Device classes NAND2X1 and NAND2X1 are equivalent.

Cell AND2X2 disconnected node: A
Cell AND2X2 disconnected node: B
Cell AND2X2 disconnected node: gnd
Cell AND2X2 disconnected node: Y
Cell AND2X2 disconnected node: vdd

Subcircuit pins:
Circuit 1: AND2X2                          |Circuit 2: AND2X2                          
-------------------------------------------|-------------------------------------------
A                                          |A                                          
B                                          |B                                          
gnd                                        |gnd                                        
Y                                          |Y                                          
vdd                                        |vdd                                        
---------------------------------------------------------------------------------------
Cell pin lists are equivalent.
Device classes AND2X2 and AND2X2 are equivalent.

Cell BUFX2 disconnected node: A
Cell BUFX2 disconnected node: gnd
Cell BUFX2 disconnected node: Y
Cell BUFX2 disconnected node: vdd

Subcircuit pins:
Circuit 1: BUFX2                           |Circuit 2: BUFX2                           
-------------------------------------------|-------------------------------------------
A                                          |A                                          
gnd                                        |gnd                                        
Y                                          |Y                                          
vdd                                        |vdd                                        
---------------------------------------------------------------------------------------
Cell pin lists are equivalent.
Device classes BUFX2 and BUFX2 are equivalent.

Subcircuit summary:
Circuit 1: dot                             |Circuit 2: dot                             
-------------------------------------------|-------------------------------------------
NAND2X1 (2)                                |NAND2X1 (2)                                
INVX1 (1)                                  |INVX1 (1)                                  
AND2X2 (1)                                 |AND2X2 (1)                                 
BUFX2 (2)                                  |BUFX2 (2)                                  
Number of devices: 6                       |Number of devices: 6                       
Number of nets: 12                         |Number of nets: 12                         
---------------------------------------------------------------------------------------
Circuits match uniquely.
Netlists match uniquely.

Subcircuit pins:
Circuit 1: dot                             |Circuit 2: dot                             
-------------------------------------------|-------------------------------------------
Gh                                         |Gh                                         
Gl                                         |Gl                                         
Pl                                         |Pl                                         
Phl                                        |Phl                                        
Ghl                                        |Ghl                                        
Ph                                         |Ph                                         
(no matching pin)                          |vdd                                        
(no matching pin)                          |gnd                                        
---------------------------------------------------------------------------------------
Cell pin lists for dot and dot altered to match.
Circuits match uniquely.
